2026-01-30 20:03:00.724 [main] INFO  org.testng.internal.Utils - [TestNG] Running:
  /Users/bipinjagdale/Desktop/JAVA_PROJECT/OpenCartv1/crossbrowsertesting.xml

2026-01-30 20:03:05.217 [TestNG-tests-3] INFO  testCases.TC001_AccountRegistration - ******* Starting TC001_AccountRegistration *******
2026-01-30 20:03:05.217 [TestNG-tests-1] INFO  testCases.TC001_AccountRegistration - ******* Starting TC001_AccountRegistration *******
2026-01-30 20:03:05.643 [TestNG-tests-3] INFO  testCases.TC001_AccountRegistration - Test Failed..
2026-01-30 20:03:05.643 [TestNG-tests-1] INFO  testCases.TC001_AccountRegistration - Test Failed..
2026-01-30 20:03:05.644 [TestNG-tests-1] DEBUG testCases.TC001_AccountRegistration - Debug logs..
2026-01-30 20:03:05.644 [TestNG-tests-3] DEBUG testCases.TC001_AccountRegistration - Debug logs..
2026-01-30 20:03:07.270 [TestNG-tests-2] INFO  testCases.TC001_AccountRegistration - ******* Starting TC001_AccountRegistration *******
2026-01-30 20:03:07.293 [TestNG-tests-2] INFO  testCases.TC001_AccountRegistration - Test Failed..
2026-01-30 20:03:07.293 [TestNG-tests-2] DEBUG testCases.TC001_AccountRegistration - Debug logs..
2026-01-30 20:07:17.962 [main] DEBUG org.testng.TestNG - suiteXmlPath: "/Users/bipinjagdale/Desktop/JAVA_PROJECT/OpenCartv1/crossbrowsertesting.xml"
2026-01-30 20:07:18.240 [main] INFO  org.testng.internal.Utils - [TestNG] Running:
  /Users/bipinjagdale/Desktop/JAVA_PROJECT/OpenCartv1/crossbrowsertesting.xml

2026-01-30 20:07:24.723 [TestNG-tests-2] INFO  testCases.TC001_AccountRegistration - ******* Starting TC001_AccountRegistration *******
2026-01-30 20:07:24.986 [TestNG-tests-2] INFO  testCases.TC001_AccountRegistration - clicked on my account
2026-01-30 20:07:25.191 [TestNG-tests-2] INFO  testCases.TC001_AccountRegistration - clicked on account registration
2026-01-30 20:07:25.202 [TestNG-tests-2] INFO  testCases.TC001_AccountRegistration - providing customer details
2026-01-30 20:07:25.768 [TestNG-tests-2] INFO  testCases.TC001_AccountRegistration - *****  Finished TC001_AccountRegistration  *****
2026-01-30 20:07:30.902 [TestNG-tests-1] INFO  testCases.TC001_AccountRegistration - ******* Starting TC001_AccountRegistration *******
2026-01-30 20:07:31.996 [TestNG-tests-1] INFO  testCases.TC001_AccountRegistration - clicked on my account
2026-01-30 20:07:33.117 [TestNG-tests-1] INFO  testCases.TC001_AccountRegistration - clicked on account registration
2026-01-30 20:07:33.124 [TestNG-tests-1] INFO  testCases.TC001_AccountRegistration - providing customer details
2026-01-30 20:07:34.775 [TestNG-tests-1] INFO  testCases.TC001_AccountRegistration - *****  Finished TC001_AccountRegistration  *****
2026-01-30 22:05:08.770 [main] DEBUG org.testng.TestNG - suiteXmlPath: "/Users/bipinjagdale/Desktop/JAVA_PROJECT/OpenCartv1/Master.xml"
2026-01-30 22:05:12.400 [main] INFO  org.testng.internal.Utils - [TestNG] Running:
  /Users/bipinjagdale/Desktop/JAVA_PROJECT/OpenCartv1/Master.xml

2026-01-30 22:05:49.160 [main] INFO  testCases.TC001_AccountRegistration - ******* Starting TC001_AccountRegistration *******
2026-01-30 22:06:01.790 [main] INFO  testCases.TC001_AccountRegistration - Test Failed..
2026-01-30 22:06:01.793 [main] DEBUG testCases.TC001_AccountRegistration - Debug logs..
2026-01-30 22:06:16.883 [main] DEBUG org.testng.TestNG - suiteXmlPath: "/Users/bipinjagdale/Desktop/JAVA_PROJECT/OpenCartv1/Master.xml"
2026-01-30 22:06:17.113 [main] INFO  org.testng.internal.Utils - [TestNG] Running:
  /Users/bipinjagdale/Desktop/JAVA_PROJECT/OpenCartv1/Master.xml

2026-01-30 22:06:23.819 [main] INFO  testCases.TC001_AccountRegistration - ******* Starting TC001_AccountRegistration *******
2026-01-30 22:06:33.959 [main] INFO  testCases.TC001_AccountRegistration - Test Failed..
2026-01-30 22:06:33.960 [main] DEBUG testCases.TC001_AccountRegistration - Debug logs..
2026-01-30 22:06:49.028 [main] DEBUG org.testng.TestNG - suiteXmlPath: "/Users/bipinjagdale/Desktop/JAVA_PROJECT/OpenCartv1/Master.xml"
2026-01-30 22:06:49.265 [main] INFO  org.testng.internal.Utils - [TestNG] Running:
  /Users/bipinjagdale/Desktop/JAVA_PROJECT/OpenCartv1/Master.xml

2026-01-30 22:06:56.888 [main] INFO  testCases.TC001_AccountRegistration - ******* Starting TC001_AccountRegistration *******
2026-01-30 22:07:06.976 [main] INFO  testCases.TC001_AccountRegistration - Test Failed..
2026-01-30 22:07:06.980 [main] DEBUG testCases.TC001_AccountRegistration - Debug logs..
2026-01-30 22:11:06.453 [main] DEBUG org.testng.TestNG - suiteXmlPath: "/Users/bipinjagdale/Desktop/JAVA_PROJECT/OpenCartv1/grid-docker.xml"
2026-01-30 22:11:08.131 [main] INFO  org.testng.internal.Utils - [TestNG] Running:
  /Users/bipinjagdale/Desktop/JAVA_PROJECT/OpenCartv1/grid-docker.xml

2026-01-30 22:11:15.705 [main] INFO  testCases.TC002_LoginTest - ******* TC002_LogiTest *******
2026-01-30 22:11:49.681 [main] INFO  testCases.TC001_AccountRegistration - ******* Starting TC001_AccountRegistration *******
2026-01-30 22:11:57.811 [main] INFO  testCases.TC001_AccountRegistration - Test Failed..
