2026-02-01 19:16:52.607 [main] INFO  org.testng.internal.Utils - [TestNG] Running:
  /Users/bipinjagdale/Desktop/JAVA_PROJECT/OpenCartv1/Master.xml

2026-02-01 19:17:00.980 [main] INFO  testCases.TC001_AccountRegistration - ******* Starting TC001_AccountRegistration *******
2026-02-01 19:17:05.742 [main] INFO  testCases.TC001_AccountRegistration - Test Failed..
2026-02-01 19:17:05.742 [main] DEBUG testCases.TC001_AccountRegistration - Debug logs..
2026-02-01 19:21:07.674 [main] DEBUG org.testng.TestNG - suiteXmlPath: "/Users/bipinjagdale/Desktop/JAVA_PROJECT/OpenCartv1/grid-docker.xml"
2026-02-01 19:21:07.917 [main] INFO  org.testng.internal.Utils - [TestNG] Running:
  /Users/bipinjagdale/Desktop/JAVA_PROJECT/OpenCartv1/grid-docker.xml

2026-02-01 19:21:11.031 [main] INFO  testCases.TC001_AccountRegistration - ******* Starting TC001_AccountRegistration *******
2026-02-01 19:21:11.164 [main] INFO  testCases.TC001_AccountRegistration - Test Failed..
2026-02-01 19:21:11.165 [main] DEBUG testCases.TC001_AccountRegistration - Debug logs..
2026-02-01 19:24:47.554 [main] DEBUG org.testng.TestNG - suiteXmlPath: "/Users/bipinjagdale/Desktop/JAVA_PROJECT/OpenCartv1/grid-docker.xml"
2026-02-01 19:24:47.794 [main] INFO  org.testng.internal.Utils - [TestNG] Running:
  /Users/bipinjagdale/Desktop/JAVA_PROJECT/OpenCartv1/grid-docker.xml

2026-02-01 19:24:50.703 [main] INFO  testCases.TC001_AccountRegistration - ******* Starting TC001_AccountRegistration *******
2026-02-01 19:24:50.839 [main] INFO  testCases.TC001_AccountRegistration - Test Failed..
2026-02-01 19:24:50.839 [main] DEBUG testCases.TC001_AccountRegistration - Debug logs..
2026-02-01 19:33:38.263 [main] DEBUG org.testng.TestNG - suiteXmlPath: "/Users/bipinjagdale/Desktop/JAVA_PROJECT/OpenCartv1/grid-docker.xml"
2026-02-01 19:33:38.512 [main] INFO  org.testng.internal.Utils - [TestNG] Running:
  /Users/bipinjagdale/Desktop/JAVA_PROJECT/OpenCartv1/grid-docker.xml

2026-02-01 19:33:43.988 [main] INFO  testCases.TC001_AccountRegistration - ******* Starting TC001_AccountRegistration *******
2026-02-01 19:33:44.201 [main] INFO  testCases.TC001_AccountRegistration - Test Failed..
2026-02-01 19:33:44.201 [main] DEBUG testCases.TC001_AccountRegistration - Debug logs..
2026-02-01 19:34:30.503 [main] DEBUG org.testng.TestNG - suiteXmlPath: "/Users/bipinjagdale/Desktop/JAVA_PROJECT/OpenCartv1/grid-docker.xml"
2026-02-01 19:34:30.742 [main] INFO  org.testng.internal.Utils - [TestNG] Running:
  /Users/bipinjagdale/Desktop/JAVA_PROJECT/OpenCartv1/grid-docker.xml

2026-02-01 19:34:34.141 [main] INFO  testCases.TC002_LoginTest - ******* TC002_LogiTest *******
2026-02-01 19:40:42.527 [main] DEBUG org.testng.TestNG - suiteXmlPath: "/Users/bipinjagdale/Desktop/JAVA_PROJECT/OpenCartv1/grid-docker.xml"
2026-02-01 19:40:42.771 [main] INFO  org.testng.internal.Utils - [TestNG] Running:
  /Users/bipinjagdale/Desktop/JAVA_PROJECT/OpenCartv1/grid-docker.xml

2026-02-01 19:40:46.466 [main] INFO  testCases.TC002_LoginTest - ******* TC002_LogiTest *******
2026-02-02 11:22:58.501 [main] DEBUG org.testng.TestNG - suiteXmlPath: "/Users/bipinjagdale/Desktop/JAVA_PROJECT/OpenCartv1/Master.xml"
2026-02-02 11:24:26.975 [main] DEBUG org.testng.TestNG - suiteXmlPath: "/Users/bipinjagdale/Desktop/JAVA_PROJECT/OpenCartv1/Master.xml"
2026-02-02 11:25:22.906 [main] DEBUG org.testng.TestNG - suiteXmlPath: "/Users/bipinjagdale/Desktop/JAVA_PROJECT/OpenCartv1/Master.xml"
2026-02-02 11:26:22.542 [main] DEBUG org.testng.TestNG - suiteXmlPath: "/Users/bipinjagdale/Desktop/JAVA_PROJECT/OpenCartv1/Master.xml"
2026-02-02 11:26:32.764 [main] INFO  testCases.TC001_AccountRegistration - ******* Starting TC001_AccountRegistration *******
2026-02-02 11:26:42.943 [main] INFO  testCases.TC001_AccountRegistration - Test Failed..
2026-02-02 11:26:42.944 [main] DEBUG testCases.TC001_AccountRegistration - Debug logs..
2026-02-02 11:43:04.608 [main] DEBUG org.testng.TestNG - suiteXmlPath: "/Users/bipinjagdale/Desktop/JAVA_PROJECT/OpenCartv1/Master.xml"
2026-02-02 11:43:06.877 [main] INFO  testCases.TC001_AccountRegistration - ******* Starting TC001_AccountRegistration *******
2026-02-02 11:43:16.906 [main] INFO  testCases.TC001_AccountRegistration - Test Failed..
2026-02-02 11:43:16.906 [main] DEBUG testCases.TC001_AccountRegistration - Debug logs..
2026-02-02 11:46:28.894 [main] DEBUG org.testng.TestNG - suiteXmlPath: "/Users/bipinjagdale/Desktop/JAVA_PROJECT/OpenCartv1/Master.xml"
2026-02-02 11:46:31.530 [main] INFO  testCases.TC001_AccountRegistration - ******* Starting TC001_AccountRegistration *******
2026-02-02 11:46:31.577 [main] INFO  testCases.TC001_AccountRegistration - clicked on my account
2026-02-02 11:46:31.715 [main] INFO  testCases.TC001_AccountRegistration - clicked on account registration
2026-02-02 11:46:31.722 [main] INFO  testCases.TC001_AccountRegistration - providing customer details
2026-02-02 11:46:32.083 [main] INFO  testCases.TC001_AccountRegistration - *****  Finished TC001_AccountRegistration  *****
