2026-01-30 22:11:57.811 [main] DEBUG testCases.TC001_AccountRegistration - Debug logs..
2026-02-01 18:58:06.712 [main] DEBUG org.testng.TestNG - suiteXmlPath: "/Users/bipinjagdale/Desktop/JAVA_PROJECT/OpenCartv1/crossbrowsertesting.xml"
2026-02-01 18:58:07.002 [main] INFO  org.testng.internal.Utils - [TestNG] Running:
  /Users/bipinjagdale/Desktop/JAVA_PROJECT/OpenCartv1/crossbrowsertesting.xml

2026-02-01 18:58:18.580 [TestNG-tests-1] INFO  testCases.TC001_AccountRegistration - ******* Starting TC001_AccountRegistration *******
2026-02-01 18:58:28.725 [TestNG-tests-1] INFO  testCases.TC001_AccountRegistration - Test Failed..
2026-02-01 18:58:28.727 [TestNG-tests-1] DEBUG testCases.TC001_AccountRegistration - Debug logs..
2026-02-01 18:58:35.221 [TestNG-tests-2] INFO  testCases.TC001_AccountRegistration - ******* Starting TC001_AccountRegistration *******
2026-02-01 18:58:45.247 [TestNG-tests-2] INFO  testCases.TC001_AccountRegistration - Test Failed..
2026-02-01 18:58:45.247 [TestNG-tests-2] DEBUG testCases.TC001_AccountRegistration - Debug logs..
2026-02-01 18:58:58.634 [main] DEBUG org.testng.TestNG - suiteXmlPath: "/Users/bipinjagdale/Desktop/JAVA_PROJECT/OpenCartv1/crossbrowsertesting.xml"
2026-02-01 18:58:58.915 [main] INFO  org.testng.internal.Utils - [TestNG] Running:
  /Users/bipinjagdale/Desktop/JAVA_PROJECT/OpenCartv1/crossbrowsertesting.xml

2026-02-01 18:59:03.454 [TestNG-tests-2] INFO  testCases.TC001_AccountRegistration - ******* Starting TC001_AccountRegistration *******
2026-02-01 18:59:06.372 [TestNG-tests-1] INFO  testCases.TC001_AccountRegistration - ******* Starting TC001_AccountRegistration *******
2026-02-01 18:59:13.527 [TestNG-tests-2] INFO  testCases.TC001_AccountRegistration - Test Failed..
2026-02-01 18:59:13.528 [TestNG-tests-2] DEBUG testCases.TC001_AccountRegistration - Debug logs..
2026-02-01 18:59:16.407 [TestNG-tests-1] INFO  testCases.TC001_AccountRegistration - Test Failed..
2026-02-01 18:59:16.408 [TestNG-tests-1] DEBUG testCases.TC001_AccountRegistration - Debug logs..
2026-02-01 19:02:51.723 [main] DEBUG org.testng.TestNG - suiteXmlPath: "/Users/bipinjagdale/Desktop/JAVA_PROJECT/OpenCartv1/grid-docker.xml"
2026-02-01 19:04:53.716 [main] DEBUG org.testng.TestNG - suiteXmlPath: "/Users/bipinjagdale/Desktop/JAVA_PROJECT/OpenCartv1/grid-docker.xml"
2026-02-01 19:04:53.989 [main] INFO  org.testng.internal.Utils - [TestNG] Running:
  /Users/bipinjagdale/Desktop/JAVA_PROJECT/OpenCartv1/grid-docker.xml

2026-02-01 19:05:01.531 [main] INFO  testCases.TC002_LoginTest - ******* TC002_LogiTest *******
2026-02-01 19:05:16.277 [main] INFO  testCases.TC001_AccountRegistration - ******* Starting TC001_AccountRegistration *******
2026-02-01 19:05:26.313 [main] INFO  testCases.TC001_AccountRegistration - Test Failed..
2026-02-01 19:05:26.314 [main] DEBUG testCases.TC001_AccountRegistration - Debug logs..
2026-02-01 19:07:59.094 [main] DEBUG org.testng.TestNG - suiteXmlPath: "/Users/bipinjagdale/Desktop/JAVA_PROJECT/OpenCartv1/grid-docker.xml"
2026-02-01 19:07:59.358 [main] INFO  org.testng.internal.Utils - [TestNG] Running:
  /Users/bipinjagdale/Desktop/JAVA_PROJECT/OpenCartv1/grid-docker.xml

2026-02-01 19:08:07.504 [main] INFO  testCases.TC002_LoginTest - ******* TC002_LogiTest *******
2026-02-01 19:08:15.015 [main] INFO  testCases.TC001_AccountRegistration - ******* Starting TC001_AccountRegistration *******
2026-02-01 19:08:15.262 [main] INFO  testCases.TC001_AccountRegistration - Test Failed..
2026-02-01 19:08:15.262 [main] DEBUG testCases.TC001_AccountRegistration - Debug logs..
2026-02-01 19:11:13.040 [main] DEBUG org.testng.TestNG - suiteXmlPath: "/Users/bipinjagdale/Desktop/JAVA_PROJECT/OpenCartv1/grid-docker.xml"
2026-02-01 19:11:13.303 [main] INFO  org.testng.internal.Utils - [TestNG] Running:
  /Users/bipinjagdale/Desktop/JAVA_PROJECT/OpenCartv1/grid-docker.xml

2026-02-01 19:11:16.202 [main] INFO  testCases.TC001_AccountRegistration - ******* Starting TC001_AccountRegistration *******
2026-02-01 19:11:16.320 [main] INFO  testCases.TC001_AccountRegistration - Test Failed..
2026-02-01 19:11:16.320 [main] DEBUG testCases.TC001_AccountRegistration - Debug logs..
2026-02-01 19:11:18.555 [main] INFO  testCases.TC002_LoginTest - ******* TC002_LogiTest *******
2026-02-01 19:13:58.491 [main] DEBUG org.testng.TestNG - suiteXmlPath: "/Users/bipinjagdale/Desktop/JAVA_PROJECT/OpenCartv1/grid-docker.xml"
2026-02-01 19:13:58.750 [main] INFO  org.testng.internal.Utils - [TestNG] Running:
  /Users/bipinjagdale/Desktop/JAVA_PROJECT/OpenCartv1/grid-docker.xml

2026-02-01 19:14:01.887 [main] INFO  testCases.TC001_AccountRegistration - ******* Starting TC001_AccountRegistration *******
2026-02-01 19:14:02.023 [main] INFO  testCases.TC001_AccountRegistration - Test Failed..
2026-02-01 19:14:02.023 [main] DEBUG testCases.TC001_AccountRegistration - Debug logs..
2026-02-01 19:14:04.041 [main] INFO  testCases.TC002_LoginTest - ******* TC002_LogiTest *******
2026-02-01 19:16:52.373 [main] DEBUG org.testng.TestNG - suiteXmlPath: "/Users/bipinjagdale/Desktop/JAVA_PROJECT/OpenCartv1/Master.xml"
