2026-01-25 19:43:21.318 [main] DEBUG org.testng.TestNG - suiteXmlPath: "/Users/bipinjagdale/Desktop/JAVA_PROJECT/OpenCartv1/Master.xml"
2026-01-25 19:43:21.564 [main] INFO  org.testng.internal.Utils - [TestNG] Running:
  /Users/bipinjagdale/Desktop/JAVA_PROJECT/OpenCartv1/Master.xml

2026-01-25 19:46:13.188 [main] DEBUG org.testng.TestNG - suiteXmlPath: "/Users/bipinjagdale/Desktop/JAVA_PROJECT/OpenCartv1/Master.xml"
2026-01-25 19:46:13.413 [main] INFO  org.testng.internal.Utils - [TestNG] Running:
  /Users/bipinjagdale/Desktop/JAVA_PROJECT/OpenCartv1/Master.xml

2026-01-25 19:46:48.983 [main] DEBUG org.testng.TestNG - suiteXmlPath: "/Users/bipinjagdale/Desktop/JAVA_PROJECT/OpenCartv1/Master.xml"
2026-01-25 19:46:49.216 [main] INFO  org.testng.internal.Utils - [TestNG] Running:
  /Users/bipinjagdale/Desktop/JAVA_PROJECT/OpenCartv1/Master.xml

2026-01-25 19:50:31.272 [main] DEBUG org.testng.TestNG - suiteXmlPath: "/Users/bipinjagdale/Desktop/JAVA_PROJECT/OpenCartv1/Master.xml"
2026-01-25 19:50:31.501 [main] INFO  org.testng.internal.Utils - [TestNG] Running:
  /Users/bipinjagdale/Desktop/JAVA_PROJECT/OpenCartv1/Master.xml

2026-01-25 19:51:22.694 [main] DEBUG org.testng.TestNG - suiteXmlPath: "/Users/bipinjagdale/Desktop/JAVA_PROJECT/OpenCartv1/Master.xml"
2026-01-25 19:51:22.928 [main] INFO  org.testng.internal.Utils - [TestNG] Running:
  /Users/bipinjagdale/Desktop/JAVA_PROJECT/OpenCartv1/Master.xml

2026-01-25 19:53:37.277 [main] DEBUG org.testng.TestNG - suiteXmlPath: "/Users/bipinjagdale/Desktop/JAVA_PROJECT/OpenCartv1/Master.xml"
2026-01-25 19:53:37.522 [main] INFO  org.testng.internal.Utils - [TestNG] Running:
  /Users/bipinjagdale/Desktop/JAVA_PROJECT/OpenCartv1/Master.xml

2026-01-25 19:53:47.238 [main] INFO  testCases.TC002_Login - ******* TC002_LogiTest *******
2026-01-25 20:35:02.211 [main] DEBUG org.testng.TestNG - suiteXmlPath: "/Users/bipinjagdale/Desktop/JAVA_PROJECT/OpenCartv1/Master.xml"
2026-01-25 20:35:02.453 [main] INFO  org.testng.internal.Utils - [TestNG] Running:
  /Users/bipinjagdale/Desktop/JAVA_PROJECT/OpenCartv1/Master.xml

2026-01-25 20:35:13.401 [main] INFO  testCases.TC002_LoginTest - ******* TC002_LogiTest *******
2026-01-25 20:36:45.714 [main] DEBUG org.testng.TestNG - suiteXmlPath: "/Users/bipinjagdale/Desktop/JAVA_PROJECT/OpenCartv1/Master.xml"
2026-01-25 20:36:45.949 [main] INFO  org.testng.internal.Utils - [TestNG] Running:
  /Users/bipinjagdale/Desktop/JAVA_PROJECT/OpenCartv1/Master.xml

2026-01-25 20:36:55.048 [main] INFO  testCases.TC002_LoginTest - ******* TC002_LogiTest *******
2026-01-25 20:37:47.827 [main] DEBUG org.testng.TestNG - suiteXmlPath: "/Users/bipinjagdale/Desktop/JAVA_PROJECT/OpenCartv1/Master.xml"
2026-01-25 20:37:48.079 [main] INFO  org.testng.internal.Utils - [TestNG] Running:
  /Users/bipinjagdale/Desktop/JAVA_PROJECT/OpenCartv1/Master.xml

2026-01-25 20:37:57.259 [main] INFO  testCases.TC002_LoginTest - ******* TC002_LogiTest *******
2026-01-25 20:38:16.824 [main] INFO  org.testng.internal.Utils - [TestNG] Running:
  /Users/bipinjagdale/Desktop/JAVA_PROJECT/OpenCartv1/Master.xml

2026-01-25 20:38:25.823 [main] INFO  testCases.TC002_LoginTest - ******* TC002_LogiTest *******
2026-01-25 20:40:24.691 [main] INFO  org.testng.internal.Utils - [TestNG] Running:
  /Users/bipinjagdale/Desktop/JAVA_PROJECT/OpenCartv1/Master.xml

2026-01-25 20:40:33.968 [main] INFO  testCases.TC002_LoginTest - ******* TC002_LogiTest *******
2026-01-25 20:43:02.700 [main] INFO  org.testng.internal.Utils - [TestNG] Running:
  /Users/bipinjagdale/Desktop/JAVA_PROJECT/OpenCartv1/Master.xml

2026-01-25 20:43:11.547 [main] INFO  testCases.TC002_LoginTest - ******* TC002_LogiTest *******
2026-01-25 20:44:22.452 [main] INFO  org.testng.internal.Utils - [TestNG] Running:
  /Users/bipinjagdale/Desktop/JAVA_PROJECT/OpenCartv1/Master.xml

2026-01-25 20:44:31.393 [main] INFO  testCases.TC002_LoginTest - ******* TC002_LogiTest *******
2026-01-25 21:00:11.046 [main] INFO  org.testng.internal.Utils - [TestNG] Running:
  /Users/bipinjagdale/Desktop/JAVA_PROJECT/OpenCartv1/Master.xml

2026-01-25 21:00:21.532 [main] INFO  testCases.TC002_LoginTest - ******* TC002_LogiTest *******
2026-01-25 21:02:57.236 [main] INFO  org.testng.internal.Utils - [TestNG] Running:
  /Users/bipinjagdale/Desktop/JAVA_PROJECT/OpenCartv1/Master.xml

2026-01-25 21:03:06.546 [main] INFO  testCases.TC002_LoginTest - ******* TC002_LogiTest *******
2026-01-25 21:03:12.142 [main] INFO  org.testng.internal.Utils - [TestNG] Running:
  /Users/bipinjagdale/Desktop/JAVA_PROJECT/OpenCartv1/Master.xml

2026-01-25 21:03:20.734 [main] INFO  testCases.TC002_LoginTest - ******* TC002_LogiTest *******
2026-01-25 21:07:02.454 [main] INFO  org.testng.internal.Utils - [TestNG] Running:
  /Users/bipinjagdale/Desktop/JAVA_PROJECT/OpenCartv1/Master.xml

2026-01-25 21:07:08.483 [main] INFO  org.testng.internal.Utils - [TestNG] Running:
  /Users/bipinjagdale/Desktop/JAVA_PROJECT/OpenCartv1/Master.xml

2026-01-25 21:07:11.432 [main] INFO  testCases.TC002_LoginTest - ******* TC002_LogiTest *******
2026-01-25 21:07:16.706 [main] INFO  testCases.TC002_LoginTest - ******* TC002_LogiTest *******
